<?xml version="1.0" encoding="UTF-8"?>
<testng-results ignored="0" total="3" passed="2" failed="1" skipped="0">
  <reporter-output>
  </reporter-output>
  <suite started-at="2024-03-25T04:38:31 IST" name="Suite" finished-at="2024-03-25T04:41:04 IST" duration-ms="152885">
    <groups>
      <group name="cucumber">
        <method signature="AbstractTestNGCucumberTests.runScenario(io.cucumber.testng.PickleWrapper,io.cucumber.testng.FeatureWrapper)[pri:0, instance:testRun.TestRun@4c583ecf]" name="runScenario" class="io.cucumber.testng.AbstractTestNGCucumberTests"/>
      </group> <!-- cucumber -->
    </groups>
    <test started-at="2024-03-25T04:38:31 IST" name="Test" finished-at="2024-03-25T04:41:04 IST" duration-ms="152885">
      <class name="testRun.TestRun">
        <test-method is-config="true" signature="setUpClass(org.testng.ITestContext)[pri:0, instance:testRun.TestRun@4c583ecf]" started-at="2024-03-25T04:38:31 IST" name="setUpClass" finished-at="2024-03-25T04:38:32 IST" duration-ms="528" status="PASS">
          <params>
            <param index="0">
              <value>
                <![CDATA[org.testng.TestRunner@172f4514]]>
              </value>
            </param>
          </params>
          <reporter-output>
          </reporter-output>
        </test-method> <!-- setUpClass -->
        <test-method signature="runScenario(io.cucumber.testng.PickleWrapper,io.cucumber.testng.FeatureWrapper)[pri:0, instance:testRun.TestRun@4c583ecf]" started-at="2024-03-25T04:38:32 IST" name="runScenario" description="Runs Cucumber Scenarios" data-provider="scenarios" finished-at="2024-03-25T04:39:37 IST" duration-ms="65422" status="PASS">
          <params>
            <param index="0">
              <value>
                <![CDATA["Successful addition of the first headphone and first keyboard inside cart with price matching with product, cart sub total and product price inside cart"]]>
              </value>
            </param>
            <param index="1">
              <value>
                <![CDATA["AddHeadphoneAndKeyboardtoCart"]]>
              </value>
            </param>
          </params>
          <reporter-output>
          </reporter-output>
        </test-method> <!-- runScenario -->
        <test-method signature="runScenario(io.cucumber.testng.PickleWrapper,io.cucumber.testng.FeatureWrapper)[pri:0, instance:testRun.TestRun@4c583ecf]" started-at="2024-03-25T04:39:37 IST" name="runScenario" description="Runs Cucumber Scenarios" data-provider="scenarios" finished-at="2024-03-25T04:40:16 IST" duration-ms="38443" status="FAIL">
          <params>
            <param index="0">
              <value>
                <![CDATA["Successful addition of the first laptop inside cart with price matching with product, cart sub total and product price inside cart"]]>
              </value>
            </param>
            <param index="1">
              <value>
                <![CDATA["AddLaptopToCart"]]>
              </value>
            </param>
          </params>
          <exception class="java.lang.NumberFormatException">
            <message>
              <![CDATA[For input string: ""]]>
            </message>
            <full-stacktrace>
              <![CDATA[java.lang.NumberFormatException: For input string: ""
at java.base/java.lang.NumberFormatException.forInputString(NumberFormatException.java:67)
at java.base/java.lang.Integer.parseInt(Integer.java:678)
at java.base/java.lang.Integer.parseInt(Integer.java:786)
at pageObject.AddMonitorToCart.checkIfProductIsAddedToTheCart(AddMonitorToCart.java:164)
at stepsDefinitions.Steps.product_should_get_added_in_the_cart_and_cart_item_count_should_get_updated_to(Steps.java:119)
at ✽.Product should get added in the cart and Cart item count should get updated to 1(file:///C:/Users/Shubhay/git/AmazonSelenium1/v1/./Features/AddLaptopToCart.feature:16)
]]>
            </full-stacktrace>
          </exception> <!-- java.lang.NumberFormatException -->
          <reporter-output>
          </reporter-output>
        </test-method> <!-- runScenario -->
        <test-method signature="runScenario(io.cucumber.testng.PickleWrapper,io.cucumber.testng.FeatureWrapper)[pri:0, instance:testRun.TestRun@4c583ecf]" started-at="2024-03-25T04:40:16 IST" name="runScenario" description="Runs Cucumber Scenarios" data-provider="scenarios" finished-at="2024-03-25T04:41:04 IST" duration-ms="48385" status="PASS">
          <params>
            <param index="0">
              <value>
                <![CDATA["Successful addition of the first monitor inside cart with price matching with product, cart sub total and product price inside cart"]]>
              </value>
            </param>
            <param index="1">
              <value>
                <![CDATA["AddMonitorToCart"]]>
              </value>
            </param>
          </params>
          <reporter-output>
          </reporter-output>
        </test-method> <!-- runScenario -->
        <test-method is-config="true" signature="tearDownClass()[pri:0, instance:testRun.TestRun@4c583ecf]" started-at="2024-03-25T04:41:04 IST" name="tearDownClass" finished-at="2024-03-25T04:41:04 IST" duration-ms="79" status="PASS">
          <reporter-output>
          </reporter-output>
        </test-method> <!-- tearDownClass -->
      </class> <!-- testRun.TestRun -->
    </test> <!-- Test -->
  </suite> <!-- Suite -->
</testng-results>
