<?xml version="1.0" encoding="UTF-8"?>
<!-- Generated by org.testng.reporters.JUnitXMLReporter -->
<testsuite ignored="0" hostname="LAPTOP-E85VSA7B" failures="0" tests="3" name="Default test" time="126.587" errors="0" timestamp="2024-03-23T23:30:03 IST">
  <testcase classname="com.testng.AmazonTest.AmazonTest" name="addHeadphonePlusKeyboard" time="65.648"/>
  <testcase classname="com.testng.AmazonTest.AmazonTest" name="addLaptopToCart" time="24.74"/>
  <testcase classname="com.testng.AmazonTest.AmazonTest" name="addMonitorToCart" time="23.865"/>
</testsuite> <!-- Default test -->
